c:\users\usuario\desktop\favaloro 2022\labo1\tpfinal_torrecontrol\tpfinal_torrecontrol\x64\debug\vc142.pdb
c:\users\usuario\desktop\favaloro 2022\labo1\tpfinal_torrecontrol\tpfinal_torrecontrol\x64\debug\vc142.idb
c:\users\usuario\desktop\favaloro 2022\labo1\tpfinal_torrecontrol\tpfinal_torrecontrol\x64\debug\main.obj
c:\users\usuario\desktop\favaloro 2022\labo1\tpfinal_torrecontrol\tpfinal_torrecontrol\x64\debug\ctorrecontrol.obj
c:\users\usuario\desktop\favaloro 2022\labo1\tpfinal_torrecontrol\tpfinal_torrecontrol\x64\debug\cpista.obj
c:\users\usuario\desktop\favaloro 2022\labo1\tpfinal_torrecontrol\tpfinal_torrecontrol\x64\debug\cfecha.obj
c:\users\usuario\desktop\favaloro 2022\labo1\tpfinal_torrecontrol\tpfinal_torrecontrol\x64\debug\ccessna.obj
c:\users\usuario\desktop\favaloro 2022\labo1\tpfinal_torrecontrol\tpfinal_torrecontrol\x64\debug\cbiplano.obj
c:\users\usuario\desktop\favaloro 2022\labo1\tpfinal_torrecontrol\tpfinal_torrecontrol\x64\debug\cavion.obj
c:\users\usuario\desktop\favaloro 2022\labo1\tpfinal_torrecontrol\tpfinal_torrecontrol\x64\debug\generadorrand.obj
c:\users\usuario\desktop\favaloro 2022\labo1\tpfinal_torrecontrol\tpfinal_torrecontrol\x64\debug\enum.obj
c:\users\usuario\desktop\favaloro 2022\labo1\tpfinal_torrecontrol\x64\debug\tpfinal_torrecontrol.exe
c:\users\usuario\desktop\favaloro 2022\labo1\tpfinal_torrecontrol\tpfinal_torrecontrol\x64\debug\tpfinal_torrecontrol.ilk
c:\users\usuario\desktop\favaloro 2022\labo1\tpfinal_torrecontrol\x64\debug\tpfinal_torrecontrol.pdb
c:\users\usuario\desktop\favaloro 2022\labo1\tpfinal_torrecontrol\tpfinal_torrecontrol\x64\debug\tpfinal_.759a820f.tlog\cl.command.1.tlog
c:\users\usuario\desktop\favaloro 2022\labo1\tpfinal_torrecontrol\tpfinal_torrecontrol\x64\debug\tpfinal_.759a820f.tlog\cl.read.1.tlog
c:\users\usuario\desktop\favaloro 2022\labo1\tpfinal_torrecontrol\tpfinal_torrecontrol\x64\debug\tpfinal_.759a820f.tlog\cl.write.1.tlog
c:\users\usuario\desktop\favaloro 2022\labo1\tpfinal_torrecontrol\tpfinal_torrecontrol\x64\debug\tpfinal_.759a820f.tlog\link.command.1.tlog
c:\users\usuario\desktop\favaloro 2022\labo1\tpfinal_torrecontrol\tpfinal_torrecontrol\x64\debug\tpfinal_.759a820f.tlog\link.read.1.tlog
c:\users\usuario\desktop\favaloro 2022\labo1\tpfinal_torrecontrol\tpfinal_torrecontrol\x64\debug\tpfinal_.759a820f.tlog\link.write.1.tlog
